0 info it worked if it ends with ok
1 verbose cli [ '/usr/local/Cellar/node/0.10.12/bin/node',
1 verbose cli   '/usr/local/bin/npm',
1 verbose cli   'install',
1 verbose cli   'coffee' ]
2 info using npm@1.2.32
3 info using node@v0.10.12
4 verbose read json /Users/viktor/Entwicklung/repositories/uni/pg/mynewproject/package.json
5 warn package.json YOUR-PROJECT-NAME-HERE@0.0.1 No repository field.
6 warn package.json YOUR-PROJECT-NAME-HERE@0.0.1 No readme data.
7 verbose read json /Users/viktor/Entwicklung/repositories/uni/pg/mynewproject/node_modules/canvas/package.json
8 verbose read json /Users/viktor/Entwicklung/repositories/uni/pg/mynewproject/node_modules/connect/package.json
9 verbose read json /Users/viktor/Entwicklung/repositories/uni/pg/mynewproject/node_modules/connect-assets/package.json
10 verbose read json /Users/viktor/Entwicklung/repositories/uni/pg/mynewproject/node_modules/express/package.json
11 verbose read json /Users/viktor/Entwicklung/repositories/uni/pg/mynewproject/node_modules/jade/package.json
12 verbose read json /Users/viktor/Entwicklung/repositories/uni/pg/mynewproject/node_modules/mocha/package.json
13 verbose read json /Users/viktor/Entwicklung/repositories/uni/pg/mynewproject/node_modules/nib/package.json
14 verbose read json /Users/viktor/Entwicklung/repositories/uni/pg/mynewproject/node_modules/qrcode/package.json
15 verbose read json /Users/viktor/Entwicklung/repositories/uni/pg/mynewproject/node_modules/should/package.json
16 verbose read json /Users/viktor/Entwicklung/repositories/uni/pg/mynewproject/node_modules/socket.io/package.json
17 verbose read json /Users/viktor/Entwicklung/repositories/uni/pg/mynewproject/node_modules/stylus/package.json
18 verbose read json /Users/viktor/Entwicklung/repositories/uni/pg/mynewproject/node_modules/underscore/package.json
19 verbose read json /Users/viktor/Entwicklung/repositories/uni/pg/mynewproject/node_modules/vows/package.json
20 warn package.json vows@0.7.0 No repository field.
21 verbose from cache /Users/viktor/Entwicklung/repositories/uni/pg/mynewproject/package.json
22 verbose readDependencies using package.json deps
23 verbose cache add [ 'coffee', null ]
24 verbose cache add name=undefined spec="coffee" args=["coffee",null]
25 verbose parsed url { protocol: null,
25 verbose parsed url   slashes: null,
25 verbose parsed url   auth: null,
25 verbose parsed url   host: null,
25 verbose parsed url   port: null,
25 verbose parsed url   hostname: null,
25 verbose parsed url   hash: null,
25 verbose parsed url   search: null,
25 verbose parsed url   query: null,
25 verbose parsed url   pathname: 'coffee',
25 verbose parsed url   path: 'coffee',
25 verbose parsed url   href: 'coffee' }
26 silly lockFile 44213f9f-coffee coffee
27 verbose lock coffee /Users/viktor/.npm/44213f9f-coffee.lock
28 silly lockFile 44213f9f-coffee coffee
29 silly lockFile 44213f9f-coffee coffee
30 verbose addNamed [ 'coffee', '' ]
31 verbose addNamed [ null, '' ]
32 silly lockFile 6f24caa5-coffee coffee@
33 verbose lock coffee@ /Users/viktor/.npm/6f24caa5-coffee.lock
34 silly addNameRange { name: 'coffee', range: '', hasData: false }
35 verbose url raw coffee
36 verbose url resolving [ 'https://registry.npmjs.org/', './coffee' ]
37 verbose url resolved https://registry.npmjs.org/coffee
38 info trying registry request attempt 1 at 01:51:59
39 http GET https://registry.npmjs.org/coffee
40 http 404 https://registry.npmjs.org/coffee
41 silly registry.get cb [ 404,
41 silly registry.get   { server: 'CouchDB/1.3.0 (Erlang OTP/R15B03)',
41 silly registry.get     date: 'Fri, 21 Jun 2013 23:52:01 GMT',
41 silly registry.get     'content-type': 'application/json',
41 silly registry.get     'content-length': '52',
41 silly registry.get     'cache-control': 'must-revalidate' } ]
42 silly lockFile 6f24caa5-coffee coffee@
43 silly lockFile 6f24caa5-coffee coffee@
44 error 404 'coffee' is not in the npm registry.
44 error 404 You should bug the author to publish it
44 error 404
44 error 404 Note that you can also install from a
44 error 404 tarball, folder, or http url, or git url.
45 error System Darwin 12.4.0
46 error command "/usr/local/Cellar/node/0.10.12/bin/node" "/usr/local/bin/npm" "install" "coffee"
47 error cwd /Users/viktor/Entwicklung/repositories/uni/pg/mynewproject
48 error node -v v0.10.12
49 error npm -v 1.2.32
50 error code E404
51 verbose exit [ 1, true ]
